<?xml version="1.0" encoding="UTF-8"?>
<testsuite name="ClienteTest" tests="1" skipped="0" failures="0" errors="0" timestamp="2022-08-25T15:04:26" hostname="DESKTOP-7UVC42S" time="0.158">
  <properties/>
  <testcase name="TesteAddItemDoBefore()" classname="ClienteTest" time="0.158"/>
  <system-out><![CDATA[Item adicionado com sucesso!
Item adicionado com sucesso!
Item adicionado com sucesso!
Item adicionado com sucesso!
Item adicionado com sucesso!
]]></system-out>
  <system-err><![CDATA[]]></system-err>
</testsuite>
